1428231232 : Master server starting...
1428231232 : Ipv4 thread started.
1428231268 : Server 00038 joined.
1428231279 : Server 00038 disjoined.
1428231323 : Signal received, signal number: 2
1428231323 : Exiting...
1428231330 : Master server starting...
	Setting up ipv4 address failed. Exiting...
1428231342 : Master server starting...
	Invalid command line arguments.	Exiting...
1428231390 : Master server starting...
	Invalid command line arguments.	Exiting...
1428231395 : Master server starting...
1428231395 : Ipv6 thread started.
1428231409 : Server 00039 joined.
1428231423 : Server 00039 disjoined.
1428231459 : Signal received, signal number: 2
1428231459 : Exiting...
1428231494 : Master server starting...
1428231494 : Ipv4 thread started.
1428231494 : Ipv6 thread started.
1428231541 : Signal received, signal number: 2
1428231541 : Exiting...
1428231546 : Master server starting...
 Bind failed for ipv6 address. Exiting...
1428231566 : Master server starting...
 Bind failed for ipv6 address. Exiting...
1428231593 : Master server starting...
	Setting up ipv6 address failed. Exiting...
1428231613 : Master server starting...
	Setting up ipv4 address failed. Exiting...
1428231627 : Master server starting...
1428231628 : Ipv4 thread started.
1428231628 : Ipv6 thread started.
1428231637 : Signal received, signal number: 2
1428231637 : Exiting...
1428231648 : Master server starting...
	Invalid command line arguments.	Exiting...
